\BOOKMARK [0][-]{part.1}{\376\377\000I\000\040\000P\000r\000e\000a\000m\000b\000u\000l\000o}{}% 1
\BOOKMARK [1][-]{section.1}{\376\377\000S\000o\000b\000r\000e\000\040\000e\000s\000t\000e\000\040\000l\000i\000b\000r\000o}{part.1}% 2
\BOOKMARK [2][-]{subsection.1.1}{\376\377\000C\000\363\000m\000o\000\040\000l\000e\000e\000r\000\040\000e\000s\000t\000e\000\040\000l\000i\000b\000r\000o}{section.1}% 3
\BOOKMARK [0][-]{part.2}{\376\377\000I\000I\000\040\000M\000a\000t\000e\000m\000\341\000t\000i\000c\000a\000s}{}% 4
\BOOKMARK [1][-]{section.2}{\376\377\000P\000r\000e\000l\000u\000d\000i\000o}{part.2}% 5
\BOOKMARK [2][-]{subsection.2.1}{\376\377\000L\000\363\000g\000i\000c\000a\000\040\000p\000r\000o\000p\000o\000s\000i\000c\000i\000o\000n\000a\000l\000\040\000d\000e\000\040\000p\000r\000i\000m\000e\000r\000\040\000o\000r\000d\000e\000n}{section.2}% 6
\BOOKMARK [2][-]{subsection.2.2}{\376\377\000C\000o\000n\000j\000u\000n\000t\000o\000s}{section.2}% 7
\BOOKMARK [2][-]{subsection.2.3}{\376\377\000R\000e\000l\000a\000c\000i\000o\000n\000e\000s}{section.2}% 8
\BOOKMARK [2][-]{subsection.2.4}{\376\377\000P\000r\000o\000d\000u\000c\000t\000o\000\040\000c\000a\000r\000t\000e\000s\000i\000a\000n\000o}{section.2}% 9
\BOOKMARK [2][-]{subsection.2.5}{\376\377\000F\000u\000n\000c\000i\000o\000n\000e\000s}{section.2}% 10
\BOOKMARK [2][-]{subsection.2.6}{\376\377\000C\000o\000n\000s\000t\000r\000u\000c\000c\000i\000\363\000n\000\040\000d\000e\000\040\000l\000o\000s\000\040\000n\000\372\000m\000e\000r\000o\000s\000\040\000n\000a\000t\000u\000r\000a\000l\000e\000s}{section.2}% 11
\BOOKMARK [1][-]{section.3}{\376\377\000A\000n\000\341\000l\000i\000s\000i\000s\000\040\000r\000e\000a\000l}{part.2}% 12
\BOOKMARK [2][-]{subsection.3.1}{\376\377\000F\000u\000n\000c\000i\000o\000n\000e\000s\000\040\000r\000e\000a\000l\000e\000s}{section.3}% 13
\BOOKMARK [3][-]{subsubsection.3.1.1}{\376\377\000E\000n\000\040\000p\000r\000\341\000c\000t\000i\000c\000a}{subsection.3.1}% 14
\BOOKMARK [2][-]{subsection.3.2}{\376\377\000L\000\355\000m\000i\000t\000e\000s}{section.3}% 15
\BOOKMARK [3][-]{subsubsection.3.2.1}{\376\377\000\301\000l\000g\000e\000b\000r\000a\000\040\000d\000e\000\040\000l\000o\000s\000\040\000r\000e\000a\000l\000e\000s\000\040\000e\000x\000t\000e\000n\000d\000i\000d\000o\000s}{subsection.3.2}% 16
\BOOKMARK [3][-]{subsubsection.3.2.2}{\376\377\000E\000n\000\040\000l\000a\000\040\000p\000r\000\341\000c\000t\000i\000c\000a}{subsection.3.2}% 17
\BOOKMARK [2][-]{subsection.3.3}{\376\377\000D\000e\000r\000i\000v\000a\000d\000a\000s}{section.3}% 18
\BOOKMARK [2][-]{subsection.3.4}{\376\377\000A\000n\000\341\000l\000i\000s\000i\000s\000\040\000d\000e\000\040\000u\000n\000a\000\040\000f\000u\000n\000c\000i\000\363\000n}{section.3}% 19
\BOOKMARK [3][-]{subsubsection.3.4.1}{\376\377\000M\000o\000n\000o\000t\000o\000n\000\355\000a}{subsection.3.4}% 20
\BOOKMARK [3][-]{subsubsection.3.4.2}{\376\377\000C\000u\000r\000v\000a\000t\000u\000r\000a}{subsection.3.4}% 21
\BOOKMARK [2][-]{subsection.3.5}{\376\377\000I\000n\000t\000e\000g\000r\000a\000l\000e\000s}{section.3}% 22
\BOOKMARK [3][-]{subsubsection.3.5.1}{\376\377\000I\000n\000t\000e\000g\000r\000a\000c\000i\000\363\000n\000\040\000p\000o\000r\000\040\000c\000a\000m\000b\000i\000o\000\040\000d\000e\000\040\000v\000a\000r\000i\000a\000b\000l\000e}{subsection.3.5}% 23
\BOOKMARK [3][-]{subsubsection.3.5.2}{\376\377\000I\000n\000t\000e\000g\000r\000a\000c\000i\000\363\000n\000\040\000p\000o\000r\000\040\000p\000a\000r\000t\000e\000s}{subsection.3.5}% 24
\BOOKMARK [3][-]{subsubsection.3.5.3}{\376\377\000I\000n\000t\000e\000g\000r\000a\000c\000i\000\363\000n\000\040\000p\000o\000r\000\040\000f\000r\000a\000c\000c\000i\000o\000n\000e\000s\000\040\000s\000i\000m\000p\000l\000e\000s}{subsection.3.5}% 25
\BOOKMARK [2][-]{subsection.3.6}{\376\377\000E\000j\000e\000r\000c\000i\000c\000i\000o\000s\000\040\000s\000e\000l\000e\000c\000t\000i\000v\000i\000d\000a\000d\000\040\000r\000e\000s\000u\000e\000l\000t\000o\000s}{section.3}% 26
\BOOKMARK [1][-]{section.4}{\376\377\000E\000s\000t\000a\000d\000\355\000s\000t\000i\000c\000a\000\040\000y\000\040\000p\000r\000o\000b\000a\000b\000i\000l\000i\000d\000a\000d}{part.2}% 27
\BOOKMARK [2][-]{subsection.4.1}{\376\377\000P\000r\000o\000b\000a\000b\000i\000l\000i\000d\000a\000d}{section.4}% 28
\BOOKMARK [2][-]{subsection.4.2}{\376\377\000E\000s\000t\000a\000d\000\355\000s\000t\000i\000c\000a}{section.4}% 29
\BOOKMARK [2][-]{subsection.4.3}{\376\377\000D\000i\000s\000t\000r\000i\000b\000u\000c\000i\000o\000n\000e\000s\000\040\000y\000\040\000p\000a\000r\000\341\000m\000e\000t\000r\000o\000s}{section.4}% 30
\BOOKMARK [2][-]{subsection.4.4}{\376\377\000D\000i\000s\000t\000r\000i\000b\000u\000c\000i\000o\000n\000e\000s\000\040\000c\000o\000m\000u\000n\000e\000s}{section.4}% 31
\BOOKMARK [1][-]{section.5}{\376\377\000\301\000l\000g\000e\000b\000r\000a}{part.2}% 32
\BOOKMARK [2][-]{subsection.5.1}{\376\377\000D\000e\000\040\000m\000o\000n\000o\000i\000d\000e\000\040\000a\000\040\000e\000s\000p\000a\000c\000i\000o\000\040\000v\000e\000c\000t\000o\000r\000i\000a\000l}{section.5}% 33
\BOOKMARK [2][-]{subsection.5.2}{\376\377\000E\000s\000p\000a\000c\000i\000o\000s\000\040\000v\000e\000c\000t\000o\000r\000i\000a\000l\000e\000s}{section.5}% 34
\BOOKMARK [3][-]{subsubsection.5.2.1}{\376\377\000B\000a\000s\000e\000s}{subsection.5.2}% 35
\BOOKMARK [3][-]{subsubsection.5.2.2}{\376\377\000T\000r\000a\000n\000s\000f\000o\000r\000m\000a\000c\000i\000o\000n\000e\000s\000\040\000l\000i\000n\000e\000a\000l\000e\000s}{subsection.5.2}% 36
\BOOKMARK [3][-]{subsubsection.5.2.3}{\376\377\000M\000a\000t\000r\000i\000c\000e\000s}{subsection.5.2}% 37
\BOOKMARK [3][-]{subsubsection.5.2.4}{\376\377\000O\000p\000e\000r\000a\000c\000i\000o\000n\000e\000s\000\040\000c\000o\000n\000\040\000m\000a\000t\000r\000\355\000c\000e\000s}{subsection.5.2}% 38
\BOOKMARK [3][-]{subsubsection.5.2.5}{\376\377\000T\000i\000p\000o\000s\000\040\000d\000e\000\040\000m\000a\000t\000r\000i\000c\000e\000s}{subsection.5.2}% 39
\BOOKMARK [3][-]{subsubsection.5.2.6}{\376\377\000R\000e\000s\000u\000l\000t\000a\000d\000o\000s\000\040\000s\000o\000b\000r\000e\000\040\000m\000a\000t\000r\000i\000c\000e\000s}{subsection.5.2}% 40
\BOOKMARK [1][-]{section.6}{\376\377\000G\000e\000o\000m\000e\000t\000r\000\355\000a}{part.2}% 41
\BOOKMARK [2][-]{subsection.6.1}{\376\377\000E\000s\000p\000a\000c\000i\000o\000s\000\040\000c\000o\000n\000\040\000p\000r\000o\000d\000u\000c\000t\000o\000\040\000i\000n\000t\000e\000r\000n\000o}{section.6}% 42
\BOOKMARK [3][-]{subsubsection.6.1.1}{\376\377\000M\000\351\000t\000r\000i\000c\000a}{subsection.6.1}% 43
\BOOKMARK [2][-]{subsection.6.2}{\376\377\000O\000r\000t\000o\000g\000o\000n\000a\000l\000i\000d\000a\000d\000\040\000y\000\040\000p\000r\000o\000y\000e\000c\000c\000i\000o\000n\000e\000s}{section.6}% 44
\BOOKMARK [2][-]{subsection.6.3}{\376\377\000B\000a\000s\000e\000s\000\040\000o\000r\000t\000o\000n\000o\000r\000m\000a\000l\000e\000s}{section.6}% 45
\BOOKMARK [2][-]{subsection.6.4}{\376\377\000G\000e\000o\000m\000e\000t\000r\000\355\000a\000\040\000a\000n\000a\000l\000\355\000t\000i\000c\000a}{section.6}% 46
\BOOKMARK [3][-]{subsubsection.6.4.1}{\376\377\000R\000e\000c\000t\000a\000s}{subsection.6.4}% 47
\BOOKMARK [3][-]{subsubsection.6.4.2}{\376\377\000P\000l\000a\000n\000o\000s}{subsection.6.4}% 48
\BOOKMARK [2][-]{subsection.6.5}{\376\377\000I\000s\000o\000m\000e\000t\000r\000\355\000a\000s}{section.6}% 49
\BOOKMARK [0][-]{part.3}{\376\377\000I\000I\000I\000\040\000F\000\355\000s\000i\000c\000a}{}% 50
\BOOKMARK [1][-]{section.7}{\376\377\000P\000r\000e\000l\000u\000d\000i\000o}{part.3}% 51
\BOOKMARK [2][-]{subsection.7.1}{\376\377\000M\000e\000c\000\341\000n\000i\000c\000a\000\040\000c\000l\000\341\000s\000i\000c\000a}{section.7}% 52
\BOOKMARK [3][-]{subsubsection.7.1.1}{\376\377\000M\000o\000m\000e\000n\000t\000o\000\040\000l\000i\000n\000e\000a\000l\000\040\000y\000\040\000a\000n\000g\000u\000l\000a\000r}{subsection.7.1}% 53
\BOOKMARK [3][-]{subsubsection.7.1.2}{\376\377\000E\000n\000e\000r\000g\000\355\000a\000\040\000y\000\040\000t\000r\000a\000b\000a\000j\000o}{subsection.7.1}% 54
\BOOKMARK [1][-]{section.8}{\376\377\000C\000a\000m\000p\000o\000\040\000g\000r\000a\000v\000i\000t\000a\000t\000o\000r\000i\000o}{part.3}% 55
\BOOKMARK [2][-]{subsection.8.1}{\376\377\000C\000r\000e\000a\000d\000o\000\040\000p\000o\000r\000\040\000m\000a\000s\000a\000s\000\040\000p\000u\000n\000t\000u\000a\000l\000e\000s}{section.8}% 56
\BOOKMARK [2][-]{subsection.8.2}{\376\377\000E\000n\000e\000r\000g\000\355\000a\000\040\000a\000s\000o\000c\000i\000a\000d\000a\000\040\000a\000l\000\040\000c\000a\000m\000p\000o\000\040\000g\000r\000a\000v\000i\000t\000a\000t\000o\000r\000i\000o}{section.8}% 57
\BOOKMARK [3][-]{subsubsection.8.2.1}{\376\377\000P\000o\000t\000e\000n\000c\000i\000a\000l\000\040\000g\000r\000a\000v\000i\000t\000a\000t\000o\000r\000i\000o}{subsection.8.2}% 58
\BOOKMARK [2][-]{subsection.8.3}{\376\377\000C\000a\000m\000p\000o\000\040\000g\000r\000a\000v\000i\000t\000a\000t\000o\000r\000i\000o\000\040\000d\000e\000\040\000l\000o\000s\000\040\000c\000u\000e\000r\000p\000o\000s\000\040\000c\000e\000l\000e\000s\000t\000e\000s}{section.8}% 59
\BOOKMARK [3][-]{subsubsection.8.3.1}{\376\377\000L\000e\000y\000e\000s\000\040\000d\000e\000\040\000K\000e\000p\000l\000e\000r}{subsection.8.3}% 60
\BOOKMARK [1][-]{section.9}{\376\377\000C\000a\000m\000p\000o\000\040\000e\000l\000\351\000c\000r\000i\000c\000o}{part.3}% 61
\BOOKMARK [2][-]{subsection.9.1}{\376\377\000C\000r\000e\000a\000d\000o\000\040\000p\000o\000r\000\040\000c\000a\000r\000g\000a\000s\000\040\000p\000u\000n\000t\000u\000a\000l\000e\000s}{section.9}% 62
\BOOKMARK [2][-]{subsection.9.2}{\376\377\000E\000n\000e\000r\000g\000\355\000a\000\040\000a\000s\000o\000c\000i\000a\000d\000a\000\040\000a\000l\000\040\000c\000a\000m\000p\000o\000\040\000e\000l\000\351\000c\000t\000r\000i\000c\000o}{section.9}% 63
\BOOKMARK [3][-]{subsubsection.9.2.1}{\376\377\000P\000o\000t\000e\000n\000c\000i\000a\000l\000\040\000e\000l\000\351\000c\000t\000r\000i\000c\000o}{subsection.9.2}% 64
\BOOKMARK [2][-]{subsection.9.3}{\376\377\000F\000l\000u\000j\000o\000\040\000e\000l\000\351\000c\000t\000r\000i\000c\000o}{section.9}% 65
\BOOKMARK [1][-]{section.10}{\376\377\000C\000a\000m\000p\000o\000\040\000m\000a\000g\000n\000\351\000t\000i\000c\000o}{part.3}% 66
\BOOKMARK [2][-]{subsection.10.1}{\376\377\000S\000o\000b\000r\000e\000\040\000u\000n\000a\000\040\000c\000a\000r\000g\000a\000\040\000e\000n\000\040\000m\000o\000v\000i\000m\000i\000e\000n\000t\000o}{section.10}% 67
\BOOKMARK [2][-]{subsection.10.2}{\376\377\000S\000o\000b\000r\000e\000\040\000u\000n\000a\000\040\000c\000o\000r\000r\000i\000e\000n\000t\000e\000\040\000e\000l\000\351\000c\000t\000r\000i\000c\000a}{section.10}% 68
\BOOKMARK [2][-]{subsection.10.3}{\376\377\000C\000r\000e\000a\000d\000o\000\040\000p\000o\000r\000\040\000u\000n\000a\000\040\000c\000o\000r\000r\000i\000e\000n\000t\000e\000\040\000e\000l\000\351\000c\000t\000r\000i\000c\000a}{section.10}% 69
\BOOKMARK [2][-]{subsection.10.4}{\376\377\000F\000l\000u\000j\000o\000\040\000m\000a\000g\000n\000\351\000t\000i\000c\000o}{section.10}% 70
\BOOKMARK [1][-]{section.11}{\376\377\000I\000n\000d\000u\000c\000c\000i\000\363\000n\000\040\000e\000l\000e\000c\000t\000r\000o\000m\000a\000g\000n\000\351\000t\000i\000c\000a}{part.3}% 71
\BOOKMARK [1][-]{section.12}{\376\377\000O\000n\000d\000a\000s}{part.3}% 72
\BOOKMARK [2][-]{subsection.12.1}{\376\377\000M\000o\000v\000i\000m\000i\000e\000n\000t\000o\000\040\000a\000r\000m\000\363\000n\000i\000c\000o\000\040\000s\000i\000m\000p\000l\000e}{section.12}% 73
\BOOKMARK [2][-]{subsection.12.2}{\376\377\000M\000o\000v\000i\000m\000i\000e\000n\000t\000o\000\040\000o\000n\000d\000u\000l\000a\000t\000o\000r\000i\000o}{section.12}% 74
\BOOKMARK [2][-]{subsection.12.3}{\376\377\000O\000n\000d\000a\000s\000\040\000s\000o\000n\000o\000r\000a\000s}{section.12}% 75
\BOOKMARK [1][-]{section.13}{\376\377\000\323\000p\000t\000i\000c\000a}{part.3}% 76
\BOOKMARK [2][-]{subsection.13.1}{\376\377\000N\000a\000t\000u\000r\000a\000l\000e\000z\000a\000\040\000y\000\040\000p\000r\000o\000p\000a\000g\000a\000c\000i\000\363\000n\000\040\000d\000e\000\040\000l\000a\000\040\000l\000u\000z}{section.13}% 77
\BOOKMARK [2][-]{subsection.13.2}{\376\377\000\323\000p\000t\000i\000c\000a\000\040\000g\000e\000o\000m\000\351\000t\000r\000i\000c\000a}{section.13}% 78
\BOOKMARK [2][-]{subsection.13.3}{\376\377\000R\000e\000f\000l\000e\000x\000i\000\363\000n\000\040\000d\000e\000\040\000l\000a\000\040\000l\000u\000z}{section.13}% 79
\BOOKMARK [2][-]{subsection.13.4}{\376\377\000R\000e\000f\000r\000a\000c\000c\000i\000\363\000n\000\040\000d\000e\000\040\000l\000a\000\040\000l\000u\000z}{section.13}% 80
\BOOKMARK [2][-]{subsection.13.5}{\376\377\000S\000i\000s\000t\000e\000m\000a\000s\000\040\000\363\000p\000t\000i\000c\000o\000s}{section.13}% 81
\BOOKMARK [3][-]{subsubsection.13.5.1}{\376\377\000E\000s\000p\000e\000j\000o\000s}{subsection.13.5}% 82
\BOOKMARK [3][-]{subsubsection.13.5.2}{\376\377\000L\000e\000n\000t\000e\000s}{subsection.13.5}% 83
\BOOKMARK [1][-]{section.14}{\376\377\000F\000\355\000s\000i\000c\000a\000\040\000m\000o\000d\000e\000r\000n\000a}{part.3}% 84
\BOOKMARK [2][-]{subsection.14.1}{\376\377\000C\000r\000i\000s\000i\000s\000\040\000d\000e\000\040\000l\000a\000\040\000f\000\355\000s\000i\000c\000a\000\040\000c\000l\000\341\000s\000i\000c\000a}{section.14}% 85
\BOOKMARK [2][-]{subsection.14.2}{\376\377\000C\000u\000a\000n\000t\000i\000z\000a\000c\000i\000\363\000n\000\040\000d\000e\000\040\000l\000a\000\040\000e\000n\000e\000r\000g\000\355\000a}{section.14}% 86
\BOOKMARK [2][-]{subsection.14.3}{\376\377\000E\000f\000e\000c\000t\000o\000\040\000f\000o\000t\000o\000e\000l\000\351\000c\000t\000r\000i\000c\000o}{section.14}% 87
\BOOKMARK [2][-]{subsection.14.4}{\376\377\000N\000a\000t\000u\000r\000a\000l\000e\000z\000a\000\040\000c\000o\000r\000p\000u\000s\000c\000u\000l\000a\000r\000\040\000d\000e\000\040\000l\000a\000\040\000l\000u\000z}{section.14}% 88
\BOOKMARK [2][-]{subsection.14.5}{\376\377\000D\000u\000a\000l\000i\000d\000a\000d\000\040\000o\000n\000d\000a\040\023\000p\000a\000r\000t\000\355\000c\000u\000l\000a}{section.14}% 89
\BOOKMARK [2][-]{subsection.14.6}{\376\377\000P\000r\000i\000n\000c\000i\000p\000i\000o\000\040\000d\000e\000\040\000i\000n\000c\000e\000r\000t\000i\000d\000u\000m\000b\000r\000e}{section.14}% 90
\BOOKMARK [1][-]{section.15}{\376\377\000F\000\355\000s\000i\000c\000a\000\040\000n\000u\000c\000l\000e\000a\000r}{part.3}% 91
\BOOKMARK [2][-]{subsection.15.1}{\376\377\000E\000s\000t\000r\000u\000c\000t\000u\000r\000a\000\040\000d\000e\000l\000\040\000n\000\372\000c\000l\000e\000o\000\040\000a\000t\000\363\000m\000i\000c\000o}{section.15}% 92
\BOOKMARK [2][-]{subsection.15.2}{\376\377\000E\000s\000t\000a\000b\000i\000l\000i\000d\000a\000d\000\040\000d\000e\000l\000\040\000N\000\372\000c\000l\000e\000o}{section.15}% 93
\BOOKMARK [2][-]{subsection.15.3}{\376\377\000R\000a\000d\000i\000a\000c\000t\000i\000v\000i\000d\000a\000d\000\040\000N\000a\000t\000u\000r\000a\000l}{section.15}% 94
\BOOKMARK [3][-]{subsubsection.15.3.1}{\376\377\000N\000\372\000c\000l\000e\000o\000s\000\040\000i\000n\000e\000s\000t\000a\000b\000l\000e\000s}{subsection.15.3}% 95
\BOOKMARK [3][-]{subsubsection.15.3.2}{\376\377\000C\000o\000n\000c\000e\000p\000t\000o\000\040\000y\000\040\000t\000i\000p\000o\000s\000\040\000d\000e\000\040\000r\000a\000d\000i\000a\000c\000t\000i\000v\000i\000d\000a\000d\000\040\000n\000a\000t\000u\000r\000a\000l}{subsection.15.3}% 96
\BOOKMARK [3][-]{subsubsection.15.3.3}{\376\377\000L\000e\000y\000e\000s\000\040\000d\000e\000l\000\040\000d\000e\000s\000p\000l\000a\000z\000a\000m\000i\000e\000n\000t\000o\000\040\000r\000a\000d\000i\000a\000c\000t\000i\000v\000o}{subsection.15.3}% 97
\BOOKMARK [3][-]{subsubsection.15.3.4}{\376\377\000S\000e\000r\000i\000e\000s\000\040\000o\000\040\000f\000a\000m\000i\000l\000i\000a\000s\000\040\000r\000a\000d\000i\000a\000c\000t\000i\000v\000a\000s}{subsection.15.3}% 98
\BOOKMARK [2][-]{subsection.15.4}{\376\377\000C\000i\000n\000\351\000t\000i\000c\000a\000\040\000d\000e\000\040\000l\000a\000\040\000D\000e\000s\000i\000n\000t\000e\000g\000r\000a\000c\000i\000\363\000n\000\040\000R\000a\000d\000i\000a\000c\000t\000i\000v\000a}{section.15}% 99
\BOOKMARK [3][-]{subsubsection.15.4.1}{\376\377\000A\000c\000t\000i\000v\000i\000d\000a\000d\000\040\000r\000a\000d\000i\000a\000c\000t\000i\000v\000a}{subsection.15.4}% 100
\BOOKMARK [3][-]{subsubsection.15.4.2}{\376\377\000N\000\372\000c\000l\000i\000d\000o\000s\000\040\000e\000n\000\040\000f\000u\000n\000c\000i\000\363\000n\000\040\000d\000e\000l\000\040\000t\000i\000e\000m\000p\000o}{subsection.15.4}% 101
\BOOKMARK [3][-]{subsubsection.15.4.3}{\376\377\000P\000e\000r\000i\000o\000d\000o\000\040\000d\000e\000\040\000s\000e\000m\000i\000d\000e\000s\000i\000n\000t\000e\000g\000r\000a\000c\000i\000\363\000n}{subsection.15.4}% 102
\BOOKMARK [3][-]{subsubsection.15.4.4}{\376\377\000V\000i\000d\000a\000\040\000m\000e\000d\000i\000a}{subsection.15.4}% 103
\BOOKMARK [2][-]{subsection.15.5}{\376\377\000R\000a\000d\000i\000a\000c\000t\000i\000v\000i\000d\000a\000d\000\040\000a\000r\000t\000i\000f\000i\000c\000i\000a\000l}{section.15}% 104
\BOOKMARK [3][-]{subsubsection.15.5.1}{\376\377\000M\000e\000c\000a\000n\000i\000s\000m\000o\000\040\000d\000e\000\040\000l\000a\000\040\000F\000i\000s\000i\000\363\000n\000\040\000N\000u\000c\000l\000e\000a\000r}{subsection.15.5}% 105
\BOOKMARK [3][-]{subsubsection.15.5.2}{\376\377\000L\000a\000\040\000E\000n\000e\000r\000g\000\355\000a\000\040\000d\000e\000\040\000l\000a\000\040\000F\000i\000s\000i\000\363\000n\000\040\000N\000u\000c\000l\000e\000a\000r}{subsection.15.5}% 106
\BOOKMARK [3][-]{subsubsection.15.5.3}{\376\377\000M\000e\000c\000a\000n\000i\000s\000m\000o\000\040\000d\000e\000\040\000l\000a\000\040\000F\000u\000s\000i\000\363\000n\000\040\000N\000u\000c\000l\000e\000a\000r}{subsection.15.5}% 107
\BOOKMARK [3][-]{subsubsection.15.5.4}{\376\377\000E\000n\000e\000r\000g\000\355\000a\000\040\000d\000e\000\040\000l\000a\000\040\000F\000u\000s\000i\000\363\000n\000\040\000N\000u\000c\000l\000e\000a\000r}{subsection.15.5}% 108
\BOOKMARK [0][-]{part.4}{\376\377\000I\000V\000\040\000T\000e\000c\000n\000o\000l\000o\000g\000\355\000a}{}% 109
\BOOKMARK [1][-]{section.16}{\376\377\000P\000r\000e\000l\000u\000d\000i\000o}{part.4}% 110
\BOOKMARK [1][-]{section.17}{\376\377\000M\000a\000t\000e\000r\000i\000a\000l\000e\000s\000\040\000y\000\040\000s\000u\000s\000\040\000p\000r\000o\000p\000i\000e\000d\000a\000d\000e\000s}{part.4}% 111
\BOOKMARK [2][-]{subsection.17.1}{\376\377\000P\000r\000o\000p\000i\000e\000d\000a\000d\000e\000s\000\040\000m\000e\000c\000\341\000n\000i\000c\000a\000s\000\040\000d\000e\000\040\000l\000o\000s\000\040\000m\000a\000t\000e\000r\000i\000a\000l\000e\000s}{section.17}% 112
\BOOKMARK [2][-]{subsection.17.2}{\376\377\000E\000n\000s\000a\000y\000o\000s\000\040\000d\000e\000\040\000p\000r\000o\000p\000i\000e\000d\000a\000d\000e\000s\000\040\000m\000e\000c\000\341\000n\000i\000c\000a\000s}{section.17}% 113
\BOOKMARK [3][-]{subsubsection.17.2.1}{\376\377\000D\000e\000\040\000t\000r\000a\000c\000c\000i\000\363\000n}{subsection.17.2}% 114
\BOOKMARK [3][-]{subsubsection.17.2.2}{\376\377\000D\000e\000\040\000d\000u\000r\000e\000z\000a}{subsection.17.2}% 115
\BOOKMARK [2][-]{subsection.17.3}{\376\377\000D\000e\000\040\000r\000e\000s\000i\000l\000e\000n\000c\000i\000a}{section.17}% 116
\BOOKMARK [1][-]{section.18}{\376\377\000M\000\341\000q\000u\000i\000n\000a\000s\000\040\000t\000\351\000r\000m\000i\000c\000a\000s}{part.4}% 117
\BOOKMARK [2][-]{subsection.18.1}{\376\377\000P\000r\000i\000n\000c\000i\000p\000i\000o\000s\000\040\000f\000u\000n\000d\000a\000m\000e\000n\000t\000a\000l\000e\000s\000\040\000d\000e\000\040\000t\000e\000r\000m\000o\000d\000i\000n\000\341\000m\000i\000c\000a}{section.18}% 118
\BOOKMARK [2][-]{subsection.18.2}{\376\377\000T\000r\000a\000n\000s\000f\000o\000r\000m\000a\000c\000i\000o\000n\000e\000s\000\040\000t\000e\000r\000m\000o\000d\000i\000n\000\341\000m\000i\000c\000a\000s\000\040\000e\000n\000\040\000l\000o\000s\000\040\000g\000a\000s\000e\000s}{section.18}% 119
\BOOKMARK [3][-]{subsubsection.18.2.1}{\376\377\000T\000r\000a\000n\000s\000f\000o\000r\000m\000a\000c\000i\000o\000n\000e\000s\000\040\000i\000s\000o\000b\000\341\000r\000i\000c\000a\000s\000\040\000\050\000p\000r\000e\000s\000i\000\363\000n\000\040\000c\000o\000n\000s\000t\000a\000n\000t\000e\000\051}{subsection.18.2}% 120
\BOOKMARK [3][-]{subsubsection.18.2.2}{\376\377\000T\000r\000a\000n\000s\000f\000o\000r\000m\000a\000c\000i\000o\000n\000e\000s\000\040\000i\000s\000o\000t\000\351\000r\000m\000i\000c\000a\000s\000\040\000\050\000t\000e\000m\000p\000e\000r\000a\000t\000u\000r\000a\000\040\000c\000o\000n\000s\000t\000a\000n\000t\000e\000\051}{subsection.18.2}% 121
\BOOKMARK [3][-]{subsubsection.18.2.3}{\376\377\000T\000r\000a\000n\000s\000f\000o\000r\000m\000a\000c\000i\000o\000n\000e\000s\000\040\000i\000s\000o\000c\000\363\000r\000i\000c\000a\000s\000\040\000\050\000v\000o\000l\000u\000m\000e\000n\000\040\000c\000o\000n\000s\000t\000a\000n\000t\000e\000\051}{subsection.18.2}% 122
\BOOKMARK [3][-]{subsubsection.18.2.4}{\376\377\000T\000r\000a\000n\000s\000f\000o\000r\000m\000a\000c\000i\000o\000n\000e\000s\000\040\000a\000d\000i\000a\000b\000\341\000t\000i\000c\000a\000s}{subsection.18.2}% 123
\BOOKMARK [2][-]{subsection.18.3}{\376\377\000P\000r\000o\000c\000e\000s\000o\000s\000\040\000r\000e\000v\000e\000r\000s\000i\000b\000l\000e\000s\000\040\000e\000\040\000i\000r\000r\000e\000v\000e\000r\000s\000i\000b\000l\000e\000s}{section.18}% 124
\BOOKMARK [3][-]{subsubsection.18.3.1}{\376\377\000M\000o\000t\000o\000r\000e\000s\000\040\000t\000\351\000r\000m\000i\000c\000o\000s\000\040\000y\000\040\000m\000\341\000q\000u\000i\000n\000a\000s\000\040\000f\000r\000i\000g\000o\000r\000\355\000f\000i\000c\000a\000s}{subsection.18.3}% 125
\BOOKMARK [3][-]{subsubsection.18.3.2}{\376\377\000C\000i\000c\000l\000o\000\040\000i\000d\000e\000a\000l\000\040\000d\000e\000\040\000C\000a\000r\000n\000o\000t}{subsection.18.3}% 126
\BOOKMARK [2][-]{subsection.18.4}{\376\377\000M\000o\000t\000o\000r\000e\000s\000\040\000d\000e\000\040\000c\000o\000m\000b\000u\000s\000t\000i\000\363\000n\000\040\000i\000n\000t\000e\000r\000n\000a}{section.18}% 127
\BOOKMARK [3][-]{subsubsection.18.4.1}{\376\377\000M\000o\000t\000o\000r\000e\000s\000\040\000d\000e\000\040\000e\000x\000p\000l\000o\000s\000i\000\363\000n}{subsection.18.4}% 128
\BOOKMARK [3][-]{subsubsection.18.4.2}{\376\377\000M\000o\000t\000o\000r\000e\000s\000\040\000d\000e\000\040\000d\000i\000e\000s\000e\000l}{subsection.18.4}% 129
\BOOKMARK [3][-]{subsubsection.18.4.3}{\376\377\000P\000a\000r\000\341\000m\000e\000t\000r\000o\000s\000\040\000y\000\040\000m\000a\000g\000n\000i\000t\000u\000d\000e\000s\000\040\000c\000a\000r\000a\000c\000t\000e\000r\000\355\000s\000t\000i\000c\000a\000s}{subsection.18.4}% 130
\BOOKMARK [2][-]{subsection.18.5}{\376\377\000M\000o\000t\000o\000r\000e\000s\000\040\000d\000e\000\040\000c\000o\000m\000b\000u\000s\000t\000i\000\363\000n\000\040\000e\000x\000t\000e\000r\000n\000a}{section.18}% 131
\BOOKMARK [3][-]{subsubsection.18.5.1}{\376\377\000C\000i\000c\000l\000o\000\040\000d\000e\000\040\000R\000a\000n\000k\000i\000n\000e\000\040\000\050\000T\000u\000r\000b\000i\000n\000a\000\040\000d\000e\000\040\000v\000a\000p\000o\000r\000\051}{subsection.18.5}% 132
\BOOKMARK [3][-]{subsubsection.18.5.2}{\376\377\000C\000i\000c\000l\000o\000\040\000d\000e\000\040\000B\000r\000a\000y\000t\000o\000n\000\040\000\050\000T\000u\000r\000b\000i\000n\000a\000\040\000d\000e\000\040\000g\000a\000s\000\051}{subsection.18.5}% 133
\BOOKMARK [2][-]{subsection.18.6}{\376\377\000B\000o\000m\000b\000a\000s\000\040\000d\000e\000\040\000c\000a\000l\000o\000r}{section.18}% 134
\BOOKMARK [3][-]{subsubsection.18.6.1}{\376\377\000C\000i\000c\000l\000o\000\040\000d\000e\000\040\000r\000e\000f\000r\000i\000g\000e\000r\000a\000c\000i\000\363\000n\000\040\000d\000e\000\040\000C\000a\000r\000n\000o\000t}{subsection.18.6}% 135
\BOOKMARK [3][-]{subsubsection.18.6.2}{\376\377\000C\000i\000c\000l\000o\000\040\000d\000e\000\040\000R\000a\000n\000k\000i\000n\000e\000\040\000i\000n\000v\000e\000r\000s\000o}{subsection.18.6}% 136
\BOOKMARK [1][-]{section.19}{\376\377\000H\000i\000d\000r\000\341\000u\000l\000i\000c\000a\000\040\000y\000\040\000n\000e\000u\000m\000\341\000t\000i\000c\000a}{part.4}% 137
\BOOKMARK [2][-]{subsection.19.1}{\376\377\000E\000l\000e\000m\000e\000n\000t\000o\000s\000\040\000d\000e\000\040\000l\000o\000s\000\040\000c\000i\000r\000c\000u\000i\000t\000o\000s\000\040\000n\000e\000u\000m\000\341\000t\000i\000c\000o\000s}{section.19}% 138
\BOOKMARK [3][-]{subsubsection.19.1.1}{\376\377\000C\000o\000m\000p\000r\000e\000s\000o\000r\000e\000s}{subsection.19.1}% 139
\BOOKMARK [3][-]{subsubsection.19.1.2}{\376\377\000A\000c\000o\000n\000d\000i\000c\000i\000o\000n\000a\000d\000o\000r\000e\000s\000\040\000d\000e\000l\000\040\000a\000i\000r\000e}{subsection.19.1}% 140
\BOOKMARK [3][-]{subsubsection.19.1.3}{\376\377\000A\000c\000t\000u\000a\000d\000o\000r\000e\000s\000\040\000n\000e\000u\000m\000\341\000t\000i\000c\000o\000s}{subsection.19.1}% 141
\BOOKMARK [3][-]{subsubsection.19.1.4}{\376\377\000V\000\341\000l\000v\000u\000l\000a\000s\000\040\000d\000i\000s\000t\000r\000i\000b\000u\000i\000d\000o\000r\000a\000s}{subsection.19.1}% 142
\BOOKMARK [3][-]{subsubsection.19.1.5}{\376\377\000O\000t\000r\000a\000s\000\040\000v\000\341\000l\000v\000u\000l\000a\000s}{subsection.19.1}% 143
\BOOKMARK [2][-]{subsection.19.2}{\376\377\000C\000i\000r\000c\000u\000i\000t\000o\000s\000\040\000p\000r\000\341\000c\000t\000i\000c\000o\000s\000\040\000n\000e\000u\000m\000\341\000t\000i\000c\000o\000s}{section.19}% 144
\BOOKMARK [2][-]{subsection.19.3}{\376\377\000C\000i\000r\000c\000u\000i\000t\000o\000s\000\040\000h\000i\000d\000r\000\341\000u\000l\000i\000c\000o\000s}{section.19}% 145
\BOOKMARK [3][-]{subsubsection.19.3.1}{\376\377\000C\000\341\000l\000c\000u\000l\000o\000\040\000d\000e\000\040\000p\000a\000r\000\341\000m\000e\000t\000r\000o\000s\000\040\000e\000n\000\040\000u\000n\000\040\000c\000i\000r\000c\000u\000i\000t\000o}{subsection.19.3}% 146
\BOOKMARK [0][-]{part.5}{\376\377\000V\000\040\000H\000i\000s\000t\000o\000r\000i\000a\000\040\000d\000e\000\040\000l\000a\000\040\000F\000i\000l\000o\000s\000o\000f\000\355\000a}{}% 147
\BOOKMARK [1][-]{section.20}{\376\377\000P\000r\000e\000l\000u\000d\000i\000o}{part.5}% 148
\BOOKMARK [2][-]{subsection.20.1}{\376\377\000\301\000r\000e\000a\000s\000\040\000d\000e\000\040\000l\000a\000\040\000f\000i\000l\000o\000s\000o\000f\000\355\000a}{section.20}% 149
\BOOKMARK [3][-]{subsubsection.20.1.1}{\376\377\000M\000e\000t\000a\000f\000\355\000s\000i\000c\000a}{subsection.20.1}% 150
\BOOKMARK [3][-]{subsubsection.20.1.2}{\376\377\000E\000p\000i\000s\000t\000e\000m\000o\000l\000o\000g\000\355\000a}{subsection.20.1}% 151
\BOOKMARK [3][-]{subsubsection.20.1.3}{\376\377\000\311\000t\000i\000c\000a}{subsection.20.1}% 152
\BOOKMARK [3][-]{subsubsection.20.1.4}{\376\377\000P\000o\000l\000\355\000t\000i\000c\000a}{subsection.20.1}% 153
\BOOKMARK [1][-]{section.21}{\376\377\000P\000l\000a\000t\000\363\000n}{part.5}% 154
\BOOKMARK [2][-]{subsection.21.1}{\376\377\000M\000e\000t\000a\000f\000\355\000s\000i\000c\000a}{section.21}% 155
\BOOKMARK [3][-]{subsubsection.21.1.1}{\376\377\000O\000n\000t\000o\000l\000o\000g\000\355\000a}{subsection.21.1}% 156
\BOOKMARK [3][-]{subsubsection.21.1.2}{\376\377\000C\000o\000s\000m\000o\000l\000o\000g\000\355\000a}{subsection.21.1}% 157
\BOOKMARK [2][-]{subsection.21.2}{\376\377\000E\000p\000i\000s\000t\000e\000m\000o\000l\000o\000g\000\355\000a}{section.21}% 158
\BOOKMARK [2][-]{subsection.21.3}{\376\377\000A\000n\000t\000r\000o\000p\000o\000l\000o\000g\000\355\000a}{section.21}% 159
\BOOKMARK [3][-]{subsubsection.21.3.1}{\376\377\000A\000l\000m\000a}{subsection.21.3}% 160
\BOOKMARK [3][-]{subsubsection.21.3.2}{\376\377\000C\000u\000e\000r\000p\000o}{subsection.21.3}% 161
\BOOKMARK [2][-]{subsection.21.4}{\376\377\000P\000o\000l\000\355\000t\000i\000c\000a}{section.21}% 162
\BOOKMARK [1][-]{section.22}{\376\377\000D\000e\000s\000c\000a\000r\000t\000e\000s}{part.5}% 163
\BOOKMARK [2][-]{subsection.22.1}{\376\377\000M\000\351\000t\000o\000d\000o}{section.22}% 164
\BOOKMARK [3][-]{subsubsection.22.1.1}{\376\377\000O\000p\000e\000r\000a\000c\000i\000o\000n\000e\000s\000\040\000d\000e\000\040\000l\000a\000\040\000m\000e\000n\000t\000e}{subsection.22.1}% 165
\BOOKMARK [3][-]{subsubsection.22.1.2}{\376\377\000R\000e\000g\000l\000a\000s\000\040\000d\000e\000l\000\040\000m\000\351\000t\000o\000d\000o}{subsection.22.1}% 166
\BOOKMARK [2][-]{subsection.22.2}{\376\377\000M\000e\000t\000a\000f\000\355\000s\000i\000c\000a}{section.22}% 167
\BOOKMARK [3][-]{subsubsection.22.2.1}{\376\377\000L\000a\000\040\000T\000e\000o\000r\000\355\000a\000\040\000d\000e\000\040\000l\000a\000s\000\040\000T\000r\000e\000s\000\040\000S\000u\000s\000t\000a\000n\000c\000i\000a\000s}{subsection.22.2}% 168
\BOOKMARK [2][-]{subsection.22.3}{\376\377\000E\000p\000i\000s\000t\000e\000m\000o\000l\000o\000g\000\355\000a}{section.22}% 169
\BOOKMARK [3][-]{subsubsection.22.3.1}{\376\377\000L\000a\000\040\000D\000u\000d\000a\000\040\000M\000e\000t\000\363\000d\000i\000c\000a}{subsection.22.3}% 170
\BOOKMARK [3][-]{subsubsection.22.3.2}{\376\377\000C\000l\000a\000s\000i\000f\000i\000c\000a\000c\000i\000\363\000n\000\040\000d\000e\000\040\000l\000a\000s\000\040\000I\000d\000e\000a\000s}{subsection.22.3}% 171
\BOOKMARK [3][-]{subsubsection.22.3.3}{\376\377\000D\000e\000m\000o\000s\000t\000r\000a\000c\000i\000o\000n\000e\000s\000\040\000d\000e\000\040\000l\000a\000\040\000E\000x\000i\000s\000t\000e\000n\000c\000i\000a\000\040\000d\000e\000\040\000D\000i\000o\000s}{subsection.22.3}% 172
\BOOKMARK [2][-]{subsection.22.4}{\376\377\000A\000n\000t\000r\000o\000p\000o\000l\000o\000g\000\355\000a}{section.22}% 173
\BOOKMARK [3][-]{subsubsection.22.4.1}{\376\377\000E\000l\000\040\000P\000r\000o\000b\000l\000e\000m\000a\000\040\000d\000e\000\040\000l\000a\000\040\000I\000n\000t\000e\000r\000a\000c\000c\000i\000\363\000n}{subsection.22.4}% 174
\BOOKMARK [1][-]{section.23}{\376\377\000O\000b\000r\000a\000s}{part.5}% 175
\BOOKMARK [2][-]{subsection.23.1}{}{section.23}% 176
